2021-09-24 14:54:38,646 [Worker-4: Loading available Gradle versions] INFO  o.e.b.c.i.u.g.PublishedGradleVersions - Gradle version information cache is up-to-date. Trying to read.
2021-09-24 14:55:05,296 [Worker-3: Updating Maven Dependencies] INFO  o.e.m.c.i.l.LifecycleMappingFactory - Using org.eclipse.m2e.jdt.JarLifecycleMapping lifecycle mapping for MavenProject: com.sunbeam:Backend:0.0.1-SNAPSHOT @ E:\Online_Medical_Store_Project\Backend\pom.xml.
2021-09-24 14:55:17,449 [Worker-4: Building workspace] INFO  o.e.m.c.i.embedder.EclipseLogger - Using 'UTF-8' encoding to copy filtered resources.
2021-09-24 14:55:17,452 [Worker-4: Building workspace] INFO  o.e.m.c.i.embedder.EclipseLogger - Using 'UTF-8' encoding to copy filtered properties files.
2021-09-24 14:55:17,458 [Worker-4: Building workspace] INFO  o.e.m.c.i.embedder.EclipseLogger - Copying 1 resource
2021-09-24 14:55:17,480 [Worker-4: Building workspace] INFO  o.e.m.c.i.embedder.EclipseLogger - Copying 0 resource
2021-09-24 14:55:17,489 [Worker-4: Building workspace] INFO  o.e.m.c.i.embedder.EclipseLogger - Using 'UTF-8' encoding to copy filtered resources.
2021-09-24 14:55:17,489 [Worker-4: Building workspace] INFO  o.e.m.c.i.embedder.EclipseLogger - Using 'UTF-8' encoding to copy filtered properties files.
2021-09-24 14:55:17,489 [Worker-4: Building workspace] INFO  o.e.m.c.i.embedder.EclipseLogger - skip non existing resourceDirectory E:\Online_Medical_Store_Project\Backend\src\test\resources
2021-09-24 14:57:23,080 [Worker-11: Building] INFO  o.e.m.c.i.embedder.EclipseLogger - Using 'UTF-8' encoding to copy filtered resources.
2021-09-24 14:57:23,080 [Worker-11: Building] INFO  o.e.m.c.i.embedder.EclipseLogger - Using 'UTF-8' encoding to copy filtered properties files.
2021-09-24 14:57:23,084 [Worker-11: Building] INFO  o.e.m.c.i.embedder.EclipseLogger - Copying 1 resource
2021-09-24 14:57:23,142 [Worker-11: Building] INFO  o.e.m.c.i.embedder.EclipseLogger - Copying 0 resource
2021-09-24 14:57:23,146 [Worker-11: Building] INFO  o.e.m.c.i.embedder.EclipseLogger - Using 'UTF-8' encoding to copy filtered resources.
2021-09-24 14:57:23,146 [Worker-11: Building] INFO  o.e.m.c.i.embedder.EclipseLogger - Using 'UTF-8' encoding to copy filtered properties files.
2021-09-24 14:57:23,146 [Worker-11: Building] INFO  o.e.m.c.i.embedder.EclipseLogger - skip non existing resourceDirectory E:\Online_Medical_Store_Project\Backend\src\test\resources
2021-09-24 15:36:43,605 [Worker-8: Building] INFO  o.e.m.c.i.embedder.EclipseLogger - Using 'UTF-8' encoding to copy filtered resources.
2021-09-24 15:36:43,606 [Worker-8: Building] INFO  o.e.m.c.i.embedder.EclipseLogger - Using 'UTF-8' encoding to copy filtered properties files.
2021-09-24 15:36:43,608 [Worker-8: Building] INFO  o.e.m.c.i.embedder.EclipseLogger - Copying 1 resource
2021-09-24 15:36:43,941 [Worker-8: Building] INFO  o.e.m.c.i.embedder.EclipseLogger - Copying 0 resource
2021-09-24 15:36:43,950 [Worker-8: Building] INFO  o.e.m.c.i.embedder.EclipseLogger - Using 'UTF-8' encoding to copy filtered resources.
2021-09-24 15:36:43,950 [Worker-8: Building] INFO  o.e.m.c.i.embedder.EclipseLogger - Using 'UTF-8' encoding to copy filtered properties files.
2021-09-24 15:36:43,951 [Worker-8: Building] INFO  o.e.m.c.i.embedder.EclipseLogger - skip non existing resourceDirectory E:\Online_Medical_Store_Project\Backend\src\test\resources
2021-09-24 17:48:36,271 [main] INFO  o.e.m2e.actions.ExecutePomAction - Creating new launch configuration
2021-09-24 17:49:09,538 [Worker-49: Launching Backend] INFO  o.e.m.i.launch.MavenLaunchDelegate - E:\Online_Medical_Store_Project\Backend
2021-09-24 17:49:09,550 [Worker-49: Launching Backend] INFO  o.e.m.i.launch.MavenLaunchDelegate -  mvn -B  -Dstyle.color=always
2021-09-24 17:49:34,039 [Worker-52: Launching Executing clean in E__Online_Medical_Store_Project_Backend] INFO  o.e.m.i.launch.MavenLaunchDelegate - E:\Online_Medical_Store_Project\Backend
2021-09-24 17:49:34,039 [Worker-52: Launching Executing clean in E__Online_Medical_Store_Project_Backend] INFO  o.e.m.i.launch.MavenLaunchDelegate -  mvn -B clean -Dstyle.color=always
2021-09-24 17:49:36,632 [Worker-53: Building] INFO  o.e.m.c.i.embedder.EclipseLogger - Using 'UTF-8' encoding to copy filtered resources.
2021-09-24 17:49:36,632 [Worker-53: Building] INFO  o.e.m.c.i.embedder.EclipseLogger - Using 'UTF-8' encoding to copy filtered properties files.
2021-09-24 17:49:36,636 [Worker-53: Building] INFO  o.e.m.c.i.embedder.EclipseLogger - Copying 1 resource
2021-09-24 17:49:36,643 [Worker-53: Building] INFO  o.e.m.c.i.embedder.EclipseLogger - Copying 0 resource
2021-09-24 17:49:36,649 [Worker-53: Building] INFO  o.e.m.c.i.embedder.EclipseLogger - Using 'UTF-8' encoding to copy filtered resources.
2021-09-24 17:49:36,649 [Worker-53: Building] INFO  o.e.m.c.i.embedder.EclipseLogger - Using 'UTF-8' encoding to copy filtered properties files.
2021-09-24 17:49:36,649 [Worker-53: Building] INFO  o.e.m.c.i.embedder.EclipseLogger - skip non existing resourceDirectory E:\Online_Medical_Store_Project\Backend\src\test\resources
2021-09-24 17:50:02,046 [main] INFO  o.e.m2e.actions.ExecutePomAction - Using existing launch configuration
2021-09-24 17:50:12,174 [Worker-52: Launching Backend] INFO  o.e.m.i.launch.MavenLaunchDelegate - E:\Online_Medical_Store_Project\Backend
2021-09-24 17:50:12,174 [Worker-52: Launching Backend] INFO  o.e.m.i.launch.MavenLaunchDelegate -  mvn -B  -Dstyle.color=always
2021-09-24 17:50:52,474 [Worker-52: Launching Executing clean in E__Online_Medical_Store_Project_Backend] INFO  o.e.m.i.launch.MavenLaunchDelegate - E:\Online_Medical_Store_Project\Backend
2021-09-24 17:50:52,475 [Worker-52: Launching Executing clean in E__Online_Medical_Store_Project_Backend] INFO  o.e.m.i.launch.MavenLaunchDelegate -  mvn -B clean -Dstyle.color=always
2021-09-24 17:50:54,918 [Worker-51: Building] INFO  o.e.m.c.i.embedder.EclipseLogger - Using 'UTF-8' encoding to copy filtered resources.
2021-09-24 17:50:54,918 [Worker-51: Building] INFO  o.e.m.c.i.embedder.EclipseLogger - Using 'UTF-8' encoding to copy filtered properties files.
2021-09-24 17:50:54,919 [Worker-51: Building] INFO  o.e.m.c.i.embedder.EclipseLogger - Copying 1 resource
2021-09-24 17:50:54,922 [Worker-51: Building] INFO  o.e.m.c.i.embedder.EclipseLogger - Copying 0 resource
2021-09-24 17:50:54,928 [Worker-51: Building] INFO  o.e.m.c.i.embedder.EclipseLogger - Using 'UTF-8' encoding to copy filtered resources.
2021-09-24 17:50:54,928 [Worker-51: Building] INFO  o.e.m.c.i.embedder.EclipseLogger - Using 'UTF-8' encoding to copy filtered properties files.
2021-09-24 17:50:54,928 [Worker-51: Building] INFO  o.e.m.c.i.embedder.EclipseLogger - skip non existing resourceDirectory E:\Online_Medical_Store_Project\Backend\src\test\resources
2021-09-24 17:50:59,658 [main] INFO  o.e.m2e.actions.ExecutePomAction - Using existing launch configuration
2021-09-24 17:51:32,904 [Worker-54: Launching Executing install in E__Online_Medical_Store_Project_Backend] INFO  o.e.m.i.launch.MavenLaunchDelegate - E:\Online_Medical_Store_Project\Backend
2021-09-24 17:51:32,904 [Worker-54: Launching Executing install in E__Online_Medical_Store_Project_Backend] INFO  o.e.m.i.launch.MavenLaunchDelegate -  mvn -B install -Dstyle.color=always
2021-09-24 18:12:45,549 [Worker-57: Launching Backend] INFO  o.e.m.i.launch.MavenLaunchDelegate - E:\Online_Medical_Store_Project\Backend
2021-09-24 18:12:45,552 [Worker-57: Launching Backend] INFO  o.e.m.i.launch.MavenLaunchDelegate -  mvn -B  -Dstyle.color=always
2021-09-24 18:12:56,545 [Worker-58: Launching Executing clean in E__Online_Medical_Store_Project_Backend] INFO  o.e.m.i.launch.MavenLaunchDelegate - E:\Online_Medical_Store_Project\Backend
2021-09-24 18:12:56,545 [Worker-58: Launching Executing clean in E__Online_Medical_Store_Project_Backend] INFO  o.e.m.i.launch.MavenLaunchDelegate -  mvn -B clean -Dstyle.color=always
2021-09-24 18:12:58,734 [Worker-59: Building] INFO  o.e.m.c.i.embedder.EclipseLogger - Using 'UTF-8' encoding to copy filtered resources.
2021-09-24 18:12:58,734 [Worker-59: Building] INFO  o.e.m.c.i.embedder.EclipseLogger - Using 'UTF-8' encoding to copy filtered properties files.
2021-09-24 18:12:58,736 [Worker-59: Building] INFO  o.e.m.c.i.embedder.EclipseLogger - Copying 1 resource
2021-09-24 18:12:58,743 [Worker-59: Building] INFO  o.e.m.c.i.embedder.EclipseLogger - Copying 0 resource
2021-09-24 18:12:58,746 [Worker-59: Building] INFO  o.e.m.c.i.embedder.EclipseLogger - Using 'UTF-8' encoding to copy filtered resources.
2021-09-24 18:12:58,746 [Worker-59: Building] INFO  o.e.m.c.i.embedder.EclipseLogger - Using 'UTF-8' encoding to copy filtered properties files.
2021-09-24 18:12:58,746 [Worker-59: Building] INFO  o.e.m.c.i.embedder.EclipseLogger - skip non existing resourceDirectory E:\Online_Medical_Store_Project\Backend\src\test\resources
2021-09-24 18:13:33,061 [Worker-58: Launching Executing install in E__Online_Medical_Store_Project_Backend] INFO  o.e.m.i.launch.MavenLaunchDelegate - E:\Online_Medical_Store_Project\Backend
2021-09-24 18:13:33,062 [Worker-58: Launching Executing install in E__Online_Medical_Store_Project_Backend] INFO  o.e.m.i.launch.MavenLaunchDelegate -  mvn -B install -Dstyle.color=always
2021-09-24 20:59:14,717 [Worker-63: Building] INFO  o.e.m.c.i.embedder.EclipseLogger - Using 'UTF-8' encoding to copy filtered resources.
2021-09-24 20:59:14,717 [Worker-63: Building] INFO  o.e.m.c.i.embedder.EclipseLogger - Using 'UTF-8' encoding to copy filtered properties files.
2021-09-24 20:59:14,717 [Worker-63: Building] INFO  o.e.m.c.i.embedder.EclipseLogger - Copying 0 resource
2021-09-24 20:59:14,718 [Worker-63: Building] INFO  o.e.m.c.i.embedder.EclipseLogger - Copying 0 resource
2021-09-24 20:59:14,719 [Worker-63: Building] INFO  o.e.m.c.i.embedder.EclipseLogger - Using 'UTF-8' encoding to copy filtered resources.
2021-09-24 20:59:14,720 [Worker-63: Building] INFO  o.e.m.c.i.embedder.EclipseLogger - Using 'UTF-8' encoding to copy filtered properties files.
2021-09-24 20:59:14,720 [Worker-63: Building] INFO  o.e.m.c.i.embedder.EclipseLogger - skip non existing resourceDirectory E:\Online_Medical_Store_Project\Backend\src\test\resources
2021-09-25 10:17:00,971 [Worker-0: Loading available Gradle versions] INFO  o.e.b.c.i.u.g.PublishedGradleVersions - Gradle version information cache is up-to-date. Trying to read.
2021-09-25 23:52:40,789 [Worker-2: Loading available Gradle versions] INFO  o.e.b.c.i.u.g.PublishedGradleVersions - Gradle version information cache is out-of-date. Trying to update.
2021-09-25 23:52:58,562 [Worker-0: Launching Backend - BackendApplication] INFO  o.e.m.c.i.embedder.EclipseLogger - Using 'UTF-8' encoding to copy filtered resources.
2021-09-25 23:52:58,565 [Worker-0: Launching Backend - BackendApplication] INFO  o.e.m.c.i.embedder.EclipseLogger - Using 'UTF-8' encoding to copy filtered properties files.
2021-09-25 23:52:58,570 [Worker-0: Launching Backend - BackendApplication] INFO  o.e.m.c.i.embedder.EclipseLogger - Copying 1 resource
2021-09-25 23:52:58,586 [Worker-0: Launching Backend - BackendApplication] INFO  o.e.m.c.i.embedder.EclipseLogger - Copying 0 resource
2021-09-25 23:52:58,589 [Worker-0: Launching Backend - BackendApplication] INFO  o.e.m.c.i.embedder.EclipseLogger - Using 'UTF-8' encoding to copy filtered resources.
2021-09-25 23:52:58,589 [Worker-0: Launching Backend - BackendApplication] INFO  o.e.m.c.i.embedder.EclipseLogger - Using 'UTF-8' encoding to copy filtered properties files.
2021-09-25 23:52:58,589 [Worker-0: Launching Backend - BackendApplication] INFO  o.e.m.c.i.embedder.EclipseLogger - skip non existing resourceDirectory E:\Online_Medical_Store_Project\Backend\src\test\resources
2021-09-26 10:41:38,772 [Worker-2: Loading available Gradle versions] INFO  o.e.b.c.i.u.g.PublishedGradleVersions - Gradle version information cache is up-to-date. Trying to read.
2021-09-28 21:42:58,340 [Worker-0: Loading available Gradle versions] INFO  o.e.b.c.i.u.g.PublishedGradleVersions - Gradle version information cache is up-to-date. Trying to read.
2021-09-29 15:55:31,354 [Worker-1: Loading available Gradle versions] INFO  o.e.b.c.i.u.g.PublishedGradleVersions - Gradle version information cache is out-of-date. Trying to update.
2021-09-29 15:55:42,246 [Worker-6: Launching Backend - BackendApplication] INFO  o.e.m.c.i.embedder.EclipseLogger - Using 'UTF-8' encoding to copy filtered resources.
2021-09-29 15:55:42,246 [Worker-6: Launching Backend - BackendApplication] INFO  o.e.m.c.i.embedder.EclipseLogger - Using 'UTF-8' encoding to copy filtered properties files.
2021-09-29 15:55:42,253 [Worker-6: Launching Backend - BackendApplication] INFO  o.e.m.c.i.embedder.EclipseLogger - Copying 1 resource
2021-09-29 15:55:42,278 [Worker-6: Launching Backend - BackendApplication] INFO  o.e.m.c.i.embedder.EclipseLogger - Copying 0 resource
2021-09-29 15:55:42,282 [Worker-6: Launching Backend - BackendApplication] INFO  o.e.m.c.i.embedder.EclipseLogger - Using 'UTF-8' encoding to copy filtered resources.
2021-09-29 15:55:42,282 [Worker-6: Launching Backend - BackendApplication] INFO  o.e.m.c.i.embedder.EclipseLogger - Using 'UTF-8' encoding to copy filtered properties files.
2021-09-29 15:55:42,282 [Worker-6: Launching Backend - BackendApplication] INFO  o.e.m.c.i.embedder.EclipseLogger - skip non existing resourceDirectory E:\Online_Medical_Store_Project\Backend\src\test\resources
2021-10-01 13:29:43,662 [Worker-2: Loading available Gradle versions] INFO  o.e.b.c.i.u.g.PublishedGradleVersions - Gradle version information cache is out-of-date. Trying to update.
2021-12-29 23:21:50,297 [Worker-3: Loading available Gradle versions] INFO  o.e.b.c.i.u.g.PublishedGradleVersions - Gradle version information cache is up-to-date. Trying to read.
2022-01-07 15:52:41,822 [Worker-0: Loading available Gradle versions] INFO  o.e.b.c.i.u.g.PublishedGradleVersions - Gradle version information cache is out-of-date. Trying to update.
2022-04-10 12:08:45,030 [Worker-4: Loading available Gradle versions] INFO  o.e.b.c.i.u.g.PublishedGradleVersions - Gradle version information cache is up-to-date. Trying to read.
2022-04-10 12:12:41,836 [Worker-4: Launching Backend - BackendApplication] INFO  o.e.m.c.i.embedder.EclipseLogger - Using 'UTF-8' encoding to copy filtered resources.
2022-04-10 12:12:41,838 [Worker-4: Launching Backend - BackendApplication] INFO  o.e.m.c.i.embedder.EclipseLogger - Using 'UTF-8' encoding to copy filtered properties files.
2022-04-10 12:12:41,841 [Worker-4: Launching Backend - BackendApplication] INFO  o.e.m.c.i.embedder.EclipseLogger - Copying 1 resource
2022-04-10 12:12:41,856 [Worker-4: Launching Backend - BackendApplication] INFO  o.e.m.c.i.embedder.EclipseLogger - Copying 0 resource
2022-04-10 12:12:41,859 [Worker-4: Launching Backend - BackendApplication] INFO  o.e.m.c.i.embedder.EclipseLogger - Using 'UTF-8' encoding to copy filtered resources.
2022-04-10 12:12:41,859 [Worker-4: Launching Backend - BackendApplication] INFO  o.e.m.c.i.embedder.EclipseLogger - Using 'UTF-8' encoding to copy filtered properties files.
2022-04-10 12:12:41,859 [Worker-4: Launching Backend - BackendApplication] INFO  o.e.m.c.i.embedder.EclipseLogger - skip non existing resourceDirectory E:\Online_Medical_Store_Project\Backend\src\test\resources
2022-05-29 13:38:53,253 [Worker-0: Loading available Gradle versions] INFO  o.e.b.c.i.u.g.PublishedGradleVersions - Gradle version information cache is up-to-date. Trying to read.
2022-05-29 13:41:56,580 [Worker-5: Loading available Gradle versions] INFO  o.e.b.c.i.u.g.PublishedGradleVersions - Gradle version information cache is up-to-date. Trying to read.
2022-06-11 18:02:52,682 [Worker-2: Loading available Gradle versions] INFO  o.e.b.c.i.u.g.PublishedGradleVersions - Gradle version information cache is out-of-date. Trying to update.
